<?xml version="1.0" encoding="UTF-8"?>
<testsuite name="com.zte.dao.ServiceTest" time="0.377" tests="7" errors="0" skipped="0" failures="0">
  <properties>
[...]
</properties>
  <testcase name="flashCfgValueTest" classname="com.zte.dao.ServiceTest" time="0.139"/>
  <testcase name="RedisTest" classname="com.zte.dao.ServiceTest" time="0"/>
  <testcase name="getJSONObject" classname="com.zte.dao.ServiceTest" time="0.004"/>
  <testcase name="selectCfgvalue" classname="com.zte.dao.ServiceTest" time="0.013"/>
  <testcase name="FtpUtilsTest" classname="com.zte.dao.ServiceTest" time="0.007"/>
  <testcase name="findSingleRoleTest" classname="com.zte.dao.ServiceTest" time="0.146"/>
  <testcase name="queryMenusByRoleTest" classname="com.zte.dao.ServiceTest" time="0.068"/>
</testsuite>